# JRE version: OpenJDK Runtime Environment (8.0_212-b04) (build 1.8.0_212-release-1586-b04)
# Java VM: OpenJDK 64-Bit Server VM (25.212-b04 mixed mode windows-amd64 compressed oops)
Heap:
 PSYoungGen      total 253440K, used 75497K [0x00000000e0000000, 0x00000000f3100000, 0x0000000100000000)
  eden space 225792K, 24% used [0x00000000e0000000,0x00000000e35ec848,0x00000000edc80000)
  from space 27648K, 73% used [0x00000000edc80000,0x00000000ef04de10,0x00000000ef780000)
  to   space 29696K, 0% used [0x00000000f1400000,0x00000000f1400000,0x00000000f3100000)
 ParOldGen       total 176128K, used 88005K [0x00000000a0000000, 0x00000000aac00000, 0x00000000e0000000)
  object space 176128K, 49% used [0x00000000a0000000,0x00000000a55f1780,0x00000000aac00000)
 Metaspace       used 85193K, capacity 88732K, committed 88960K, reserved 1126400K
  class space    used 11088K, capacity 12119K, committed 12160K, reserved 1048576K
GC Heap History (10 events):
Event: 79.094 GC heap before
{Heap before GC invocations=25 (full 4):
 PSYoungGen      total 207360K, used 8754K [0x00000000e0000000, 0x00000000f0000000, 0x0000000100000000)
  eden space 177152K, 0% used [0x00000000e0000000,0x00000000e0000000,0x00000000ead00000)
  from space 30208K, 28% used [0x00000000ead00000,0x00000000eb58c890,0x00000000eca80000)
  to   space 28672K, 0% used [0x00000000ee400000,0x00000000ee400000,0x00000000f0000000)
 ParOldGen       total 101888K, used 86470K [0x00000000a0000000, 0x00000000a6380000, 0x00000000e0000000)
  object space 101888K, 84% used [0x00000000a0000000,0x00000000a5471978,0x00000000a6380000)
 Metaspace       used 69595K, capacity 73042K, committed 73216K, reserved 1112064K
  class space    used 9176K, capacity 10188K, committed 10240K, reserved 1048576K
Event: 80.641 GC heap after
Heap after GC invocations=25 (full 4):
 PSYoungGen      total 207360K, used 0K [0x00000000e0000000, 0x00000000f0000000, 0x0000000100000000)
  eden space 177152K, 0% used [0x00000000e0000000,0x00000000e0000000,0x00000000ead00000)
  from space 30208K, 0% used [0x00000000ead00000,0x00000000ead00000,0x00000000eca80000)
  to   space 28672K, 0% used [0x00000000ee400000,0x00000000ee400000,0x00000000f0000000)
 ParOldGen       total 176128K, used 87581K [0x00000000a0000000, 0x00000000aac00000, 0x00000000e0000000)
  object space 176128K, 49% used [0x00000000a0000000,0x00000000a5587688,0x00000000aac00000)
 Metaspace       used 69496K, capacity 72766K, committed 73216K, reserved 1112064K
  class space    used 9146K, capacity 10096K, committed 10240K, reserved 1048576K
}
Event: 81.281 GC heap before
{Heap before GC invocations=26 (full 4):
 PSYoungGen      total 207360K, used 177152K [0x00000000e0000000, 0x00000000f0000000, 0x0000000100000000)
  eden space 177152K, 100% used [0x00000000e0000000,0x00000000ead00000,0x00000000ead00000)
  from space 30208K, 0% used [0x00000000ead00000,0x00000000ead00000,0x00000000eca80000)
  to   space 28672K, 0% used [0x00000000ee400000,0x00000000ee400000,0x00000000f0000000)
 ParOldGen       total 176128K, used 87581K [0x00000000a0000000, 0x00000000aac00000, 0x00000000e0000000)
  object space 176128K, 49% used [0x00000000a0000000,0x00000000a5587688,0x00000000aac00000)
 Metaspace       used 69544K, capacity 72798K, committed 73216K, reserved 1112064K
  class space    used 9147K, capacity 10128K, committed 10240K, reserved 1048576K
Event: 81.295 GC heap after
Heap after GC invocations=26 (full 4):
 PSYoungGen      total 226304K, used 2837K [0x00000000e0000000, 0x00000000efc80000, 0x0000000100000000)
  eden space 201216K, 0% used [0x00000000e0000000,0x00000000e0000000,0x00000000ec480000)
  from space 25088K, 11% used [0x00000000ee400000,0x00000000ee6c55e0,0x00000000efc80000)
  to   space 28672K, 0% used [0x00000000ec480000,0x00000000ec480000,0x00000000ee080000)
 ParOldGen       total 176128K, used 87589K [0x00000000a0000000, 0x00000000aac00000, 0x00000000e0000000)
  object space 176128K, 49% used [0x00000000a0000000,0x00000000a5589688,0x00000000aac00000)
 Metaspace       used 69544K, capacity 72798K, committed 73216K, reserved 1112064K
  class space    used 9147K, capacity 10128K, committed 10240K, reserved 1048576K
}
Event: 83.549 GC heap before
{Heap before GC invocations=27 (full 4):
 PSYoungGen      total 226304K, used 204053K [0x00000000e0000000, 0x00000000efc80000, 0x0000000100000000)
  eden space 201216K, 100% used [0x00000000e0000000,0x00000000ec480000,0x00000000ec480000)
  from space 25088K, 11% used [0x00000000ee400000,0x00000000ee6c55e0,0x00000000efc80000)
  to   space 28672K, 0% used [0x00000000ec480000,0x00000000ec480000,0x00000000ee080000)
 ParOldGen       total 176128K, used 87968K [0x00000000a0000000, 0x00000000aac00000, 0x00000000e0000000)
  object space 176128K, 49% used [0x00000000a0000000,0x00000000a55e8008,0x00000000aac00000)
 Metaspace       used 70482K, capacity 73734K, committed 74112K, reserved 1114112K
  class space    used 9256K, capacity 10226K, committed 10368K, reserved 1048576K
Event: 83.573 GC heap after
Heap after GC invocations=27 (full 4):
 PSYoungGen      total 229888K, used 8098K [0x00000000e0000000, 0x00000000f1380000, 0x0000000100000000)
  eden space 201216K, 0% used [0x00000000e0000000,0x00000000e0000000,0x00000000ec480000)
  from space 28672K, 28% used [0x00000000ec480000,0x00000000ecc68a20,0x00000000ee080000)
  to   space 27136K, 0% used [0x00000000ef900000,0x00000000ef900000,0x00000000f1380000)
 ParOldGen       total 176128K, used 87968K [0x00000000a0000000, 0x00000000aac00000, 0x00000000e0000000)
  object space 176128K, 49% used [0x00000000a0000000,0x00000000a55e8008,0x00000000aac00000)
 Metaspace       used 70482K, capacity 73734K, committed 74112K, reserved 1114112K
  class space    used 9256K, capacity 10226K, committed 10368K, reserved 1048576K
}
Event: 106.439 GC heap before
{Heap before GC invocations=28 (full 4):
 PSYoungGen      total 229888K, used 209314K [0x00000000e0000000, 0x00000000f1380000, 0x0000000100000000)
  eden space 201216K, 100% used [0x00000000e0000000,0x00000000ec480000,0x00000000ec480000)
  from space 28672K, 28% used [0x00000000ec480000,0x00000000ecc68a20,0x00000000ee080000)
  to   space 27136K, 0% used [0x00000000ef900000,0x00000000ef900000,0x00000000f1380000)
 ParOldGen       total 176128K, used 87989K [0x00000000a0000000, 0x00000000aac00000, 0x00000000e0000000)
  object space 176128K, 49% used [0x00000000a0000000,0x00000000a55ed780,0x00000000aac00000)
 Metaspace       used 76790K, capacity 80130K, committed 80512K, reserved 1118208K
  class space    used 10098K, capacity 11082K, committed 11136K, reserved 1048576K
Event: 106.620 GC heap after
Heap after GC invocations=28 (full 4):
 PSYoungGen      total 251904K, used 16088K [0x00000000e0000000, 0x00000000f1280000, 0x0000000100000000)
  eden space 225792K, 0% used [0x00000000e0000000,0x00000000e0000000,0x00000000edc80000)
  from space 26112K, 61% used [0x00000000ef900000,0x00000000f08b63e8,0x00000000f1280000)
  to   space 27648K, 0% used [0x00000000edc80000,0x00000000edc80000,0x00000000ef780000)
 ParOldGen       total 176128K, used 87997K [0x00000000a0000000, 0x00000000aac00000, 0x00000000e0000000)
  object space 176128K, 49% used [0x00000000a0000000,0x00000000a55ef780,0x00000000aac00000)
 Metaspace       used 76790K, capacity 80130K, committed 80512K, reserved 1118208K
  class space    used 10098K, capacity 11082K, committed 11136K, reserved 1048576K
}
Event: 191.330 GC heap before
{Heap before GC invocations=29 (full 4):
 PSYoungGen      total 251904K, used 241880K [0x00000000e0000000, 0x00000000f1280000, 0x0000000100000000)
  eden space 225792K, 100% used [0x00000000e0000000,0x00000000edc80000,0x00000000edc80000)
  from space 26112K, 61% used [0x00000000ef900000,0x00000000f08b63e8,0x00000000f1280000)
  to   space 27648K, 0% used [0x00000000edc80000,0x00000000edc80000,0x00000000ef780000)
 ParOldGen       total 176128K, used 87997K [0x00000000a0000000, 0x00000000aac00000, 0x00000000e0000000)
  object space 176128K, 49% used [0x00000000a0000000,0x00000000a55ef780,0x00000000aac00000)
 Metaspace       used 85144K, capacity 88668K, committed 88960K, reserved 1126400K
  class space    used 11086K, capacity 12119K, committed 12160K, reserved 1048576K
Event: 194.469 GC heap after
Heap after GC invocations=29 (full 4):
 PSYoungGen      total 253440K, used 20279K [0x00000000e0000000, 0x00000000f3100000, 0x0000000100000000)
  eden space 225792K, 0% used [0x00000000e0000000,0x00000000e0000000,0x00000000edc80000)
  from space 27648K, 73% used [0x00000000edc80000,0x00000000ef04de10,0x00000000ef780000)
  to   space 29696K, 0% used [0x00000000f1400000,0x00000000f1400000,0x00000000f3100000)
 ParOldGen       total 176128K, used 88005K [0x00000000a0000000, 0x00000000aac00000, 0x00000000e0000000)
  object space 176128K, 49% used [0x00000000a0000000,0x00000000a55f1780,0x00000000aac00000)
 Metaspace       used 85144K, capacity 88668K, committed 88960K, reserved 1126400K
  class space    used 11086K, capacity 12119K, committed 12160K, reserved 1048576K
}

