# JRE version: OpenJDK Runtime Environment (8.0_212-b04) (build 1.8.0_212-release-1586-b04)
# Java VM: OpenJDK 64-Bit Server VM (25.212-b04 mixed mode windows-amd64 compressed oops)
Heap:
 PSYoungGen      total 453120K, used 239936K [0x00000000e0000000, 0x0000000100000000, 0x0000000100000000)
  eden space 402432K, 59% used [0x00000000e0000000,0x00000000eea500a0,0x00000000f8900000)
  from space 50688K, 0% used [0x00000000fce80000,0x00000000fce80000,0x0000000100000000)
  to   space 60928K, 0% used [0x00000000f8900000,0x00000000f8900000,0x00000000fc480000)
 ParOldGen       total 292352K, used 221469K [0x00000000a0000000, 0x00000000b1d80000, 0x00000000e0000000)
  object space 292352K, 75% used [0x00000000a0000000,0x00000000ad8475f8,0x00000000b1d80000)
 Metaspace       used 97800K, capacity 103022K, committed 103384K, reserved 1138688K
  class space    used 12156K, capacity 13330K, committed 13568K, reserved 1048576K
GC Heap History (10 events):
Event: 630.962 GC heap before
{Heap before GC invocations=52 (full 5):
 PSYoungGen      total 475136K, used 434175K [0x00000000e0000000, 0x0000000100000000, 0x0000000100000000)
  eden space 425472K, 98% used [0x00000000e0000000,0x00000000f999c598,0x00000000f9f80000)
  from space 49664K, 29% used [0x00000000fcf80000,0x00000000fdde3810,0x0000000100000000)
  to   space 49152K, 0% used [0x00000000f9f80000,0x00000000f9f80000,0x00000000fcf80000)
 ParOldGen       total 195072K, used 103701K [0x00000000a0000000, 0x00000000abe80000, 0x00000000e0000000)
  object space 195072K, 53% used [0x00000000a0000000,0x00000000a65456b0,0x00000000abe80000)
 Metaspace       used 97483K, capacity 102656K, committed 103000K, reserved 1138688K
  class space    used 12096K, capacity 13280K, committed 13440K, reserved 1048576K
Event: 631.196 GC heap after
Heap after GC invocations=52 (full 5):
 PSYoungGen      total 473600K, used 47841K [0x00000000e0000000, 0x0000000100000000, 0x0000000100000000)
  eden space 425472K, 0% used [0x00000000e0000000,0x00000000e0000000,0x00000000f9f80000)
  from space 48128K, 99% used [0x00000000f9f80000,0x00000000fce38688,0x00000000fce80000)
  to   space 50688K, 0% used [0x00000000fce80000,0x00000000fce80000,0x0000000100000000)
 ParOldGen       total 195072K, used 138487K [0x00000000a0000000, 0x00000000abe80000, 0x00000000e0000000)
  object space 195072K, 70% used [0x00000000a0000000,0x00000000a873dd18,0x00000000abe80000)
 Metaspace       used 97483K, capacity 102656K, committed 103000K, reserved 1138688K
  class space    used 12096K, capacity 13280K, committed 13440K, reserved 1048576K
}
Event: 637.094 GC heap before
{Heap before GC invocations=53 (full 5):
 PSYoungGen      total 473600K, used 472584K [0x00000000e0000000, 0x0000000100000000, 0x0000000100000000)
  eden space 425472K, 99% used [0x00000000e0000000,0x00000000f9ec9cb8,0x00000000f9f80000)
  from space 48128K, 99% used [0x00000000f9f80000,0x00000000fce38688,0x00000000fce80000)
  to   space 50688K, 0% used [0x00000000fce80000,0x00000000fce80000,0x0000000100000000)
 ParOldGen       total 195072K, used 138487K [0x00000000a0000000, 0x00000000abe80000, 0x00000000e0000000)
  object space 195072K, 70% used [0x00000000a0000000,0x00000000a873dd18,0x00000000abe80000)
 Metaspace       used 97498K, capacity 102670K, committed 103000K, reserved 1138688K
  class space    used 12098K, capacity 13283K, committed 13440K, reserved 1048576K
Event: 637.674 GC heap after
Heap after GC invocations=53 (full 5):
 PSYoungGen      total 453120K, used 50125K [0x00000000e0000000, 0x0000000100000000, 0x0000000100000000)
  eden space 402432K, 0% used [0x00000000e0000000,0x00000000e0000000,0x00000000f8900000)
  from space 50688K, 98% used [0x00000000fce80000,0x00000000fff73758,0x0000000100000000)
  to   space 60928K, 0% used [0x00000000f8900000,0x00000000f8900000,0x00000000fc480000)
 ParOldGen       total 264192K, used 251122K [0x00000000a0000000, 0x00000000b0200000, 0x00000000e0000000)
  object space 264192K, 95% used [0x00000000a0000000,0x00000000af53cb88,0x00000000b0200000)
 Metaspace       used 97498K, capacity 102670K, committed 103000K, reserved 1138688K
  class space    used 12098K, capacity 13283K, committed 13440K, reserved 1048576K
}
Event: 637.675 GC heap before
{Heap before GC invocations=54 (full 6):
 PSYoungGen      total 453120K, used 50125K [0x00000000e0000000, 0x0000000100000000, 0x0000000100000000)
  eden space 402432K, 0% used [0x00000000e0000000,0x00000000e0000000,0x00000000f8900000)
  from space 50688K, 98% used [0x00000000fce80000,0x00000000fff73758,0x0000000100000000)
  to   space 60928K, 0% used [0x00000000f8900000,0x00000000f8900000,0x00000000fc480000)
 ParOldGen       total 264192K, used 251122K [0x00000000a0000000, 0x00000000b0200000, 0x00000000e0000000)
  object space 264192K, 95% used [0x00000000a0000000,0x00000000af53cb88,0x00000000b0200000)
 Metaspace       used 97498K, capacity 102670K, committed 103000K, reserved 1138688K
  class space    used 12098K, capacity 13283K, committed 13440K, reserved 1048576K
Event: 647.324 GC heap after
Heap after GC invocations=54 (full 6):
 PSYoungGen      total 453120K, used 0K [0x00000000e0000000, 0x0000000100000000, 0x0000000100000000)
  eden space 402432K, 0% used [0x00000000e0000000,0x00000000e0000000,0x00000000f8900000)
  from space 50688K, 0% used [0x00000000fce80000,0x00000000fce80000,0x0000000100000000)
  to   space 60928K, 0% used [0x00000000f8900000,0x00000000f8900000,0x00000000fc480000)
 ParOldGen       total 264192K, used 257628K [0x00000000a0000000, 0x00000000b0200000, 0x00000000e0000000)
  object space 264192K, 97% used [0x00000000a0000000,0x00000000afb97308,0x00000000b0200000)
 Metaspace       used 97498K, capacity 102670K, committed 103000K, reserved 1138688K
  class space    used 12098K, capacity 13283K, committed 13440K, reserved 1048576K
}
Event: 652.685 GC heap before
{Heap before GC invocations=55 (full 7):
 PSYoungGen      total 453120K, used 397293K [0x00000000e0000000, 0x0000000100000000, 0x0000000100000000)
  eden space 402432K, 98% used [0x00000000e0000000,0x00000000f83fb678,0x00000000f8900000)
  from space 50688K, 0% used [0x00000000fce80000,0x00000000fce80000,0x0000000100000000)
  to   space 60928K, 0% used [0x00000000f8900000,0x00000000f8900000,0x00000000fc480000)
 ParOldGen       total 292352K, used 285383K [0x00000000a0000000, 0x00000000b1d80000, 0x00000000e0000000)
  object space 292352K, 97% used [0x00000000a0000000,0x00000000b16b1e38,0x00000000b1d80000)
 Metaspace       used 97503K, capacity 102670K, committed 103000K, reserved 1138688K
  class space    used 12098K, capacity 13283K, committed 13440K, reserved 1048576K
Event: 653.608 GC heap after
Heap after GC invocations=55 (full 7):
 PSYoungGen      total 453120K, used 0K [0x00000000e0000000, 0x0000000100000000, 0x0000000100000000)
  eden space 402432K, 0% used [0x00000000e0000000,0x00000000e0000000,0x00000000f8900000)
  from space 50688K, 0% used [0x00000000fce80000,0x00000000fce80000,0x0000000100000000)
  to   space 60928K, 0% used [0x00000000f8900000,0x00000000f8900000,0x00000000fc480000)
 ParOldGen       total 292352K, used 280613K [0x00000000a0000000, 0x00000000b1d80000, 0x00000000e0000000)
  object space 292352K, 95% used [0x00000000a0000000,0x00000000b12094e0,0x00000000b1d80000)
 Metaspace       used 97503K, capacity 102670K, committed 103000K, reserved 1138688K
  class space    used 12098K, capacity 13283K, committed 13440K, reserved 1048576K
}
Event: 660.528 GC heap before
{Heap before GC invocations=56 (full 8):
 PSYoungGen      total 453120K, used 398035K [0x00000000e0000000, 0x0000000100000000, 0x0000000100000000)
  eden space 402432K, 98% used [0x00000000e0000000,0x00000000f84b4c58,0x00000000f8900000)
  from space 50688K, 0% used [0x00000000fce80000,0x00000000fce80000,0x0000000100000000)
  to   space 60928K, 0% used [0x00000000f8900000,0x00000000f8900000,0x00000000fc480000)
 ParOldGen       total 292352K, used 290853K [0x00000000a0000000, 0x00000000b1d80000, 0x00000000e0000000)
  object space 292352K, 99% used [0x00000000a0000000,0x00000000b1c094f0,0x00000000b1d80000)
 Metaspace       used 97504K, capacity 102670K, committed 103000K, reserved 1138688K
  class space    used 12098K, capacity 13283K, committed 13440K, reserved 1048576K
Event: 661.537 GC heap after
Heap after GC invocations=56 (full 8):
 PSYoungGen      total 453120K, used 0K [0x00000000e0000000, 0x0000000100000000, 0x0000000100000000)
  eden space 402432K, 0% used [0x00000000e0000000,0x00000000e0000000,0x00000000f8900000)
  from space 50688K, 0% used [0x00000000fce80000,0x00000000fce80000,0x0000000100000000)
  to   space 60928K, 0% used [0x00000000f8900000,0x00000000f8900000,0x00000000fc480000)
 ParOldGen       total 292352K, used 221469K [0x00000000a0000000, 0x00000000b1d80000, 0x00000000e0000000)
  object space 292352K, 75% used [0x00000000a0000000,0x00000000ad8475f8,0x00000000b1d80000)
 Metaspace       used 97504K, capacity 102670K, committed 103000K, reserved 1138688K
  class space    used 12098K, capacity 13283K, committed 13440K, reserved 1048576K
}

